<?xml version="1.0" encoding="UTF-8"?>
<!-- Generated by org.testng.reporters.JUnitReportReporter -->
<testsuite hostname="Nexsoft" failures="0" tests="1" name="ujiankedua.TestStringDouble" time="0.016" errors="0" timestamp="2022-09-12T14:22:02 WIB" skipped="0">
  <testcase classname="ujiankedua.TestStringDouble" name="testString" time="0.016"/>
  <system-out/>
</testsuite> <!-- ujiankedua.TestStringDouble -->
