<?xml version="1.0" encoding="UTF-8"?>
<!-- Generated by org.testng.reporters.JUnitReportReporter -->
<testsuite hostname="DESKTOP-BIUCLJH" failures="0" tests="1" name="tugas.selenium.amazon.AmazonForm" time="17.354" errors="0" timestamp="2022-09-16T21:21:29 WIB" skipped="0">
  <testcase classname="tugas.selenium.amazon.AmazonForm" name="testValid" time="17.354"/>
  <system-out/>
</testsuite> <!-- tugas.selenium.amazon.AmazonForm -->
