<?xml version="1.0" encoding="UTF-8"?>
<!-- Generated by org.testng.reporters.JUnitReportReporter -->
<testsuite hostname="DESKTOP-BIUCLJH" failures="0" tests="1" name="ujian.ujiankelima.selenium.WishlistTest" time="15.621" errors="0" timestamp="2022-09-24T17:19:56 WIB" skipped="0">
  <testcase classname="ujian.ujiankelima.selenium.WishlistTest" name="testAddWishlist" time="15.621"/>
  <system-out/>
</testsuite> <!-- ujian.ujiankelima.selenium.WishlistTest -->
