<?xml version="1.0" encoding="UTF-8"?>
<!-- Generated by org.testng.reporters.JUnitReportReporter -->
<testsuite hostname="Nexsoft" failures="0" tests="1" name="selenium.CekJudul" time="7.077" errors="0" timestamp="2022-09-13T09:42:47 WIB" skipped="0">
  <testcase classname="selenium.CekJudul" name="cekGoogle" time="7.077"/>
  <system-out/>
</testsuite> <!-- selenium.CekJudul -->
