<?xml version="1.0" encoding="UTF-8"?>
<!-- Generated by org.testng.reporters.JUnitReportReporter -->
<testsuite hostname="DESKTOP-BIUCLJH" failures="0" tests="10" name="ujian.ujiankeempat.openweather.ByCityNameCountryCode" time="3.530" errors="0" timestamp="2022-09-19T08:48:20 WIB" skipped="0">
  <testcase classname="ujian.ujiankeempat.openweather.ByCityNameCountryCode" name="testGet" time="0.191"/>
  <system-out/>
  <testcase classname="ujian.ujiankeempat.openweather.ByCityNameCountryCode" name="testGet" time="0.179"/>
  <system-out/>
  <testcase classname="ujian.ujiankeempat.openweather.ByCityNameCountryCode" name="testGet" time="0.204"/>
  <system-out/>
  <testcase classname="ujian.ujiankeempat.openweather.ByCityNameCountryCode" name="testGet" time="0.287"/>
  <system-out/>
  <testcase classname="ujian.ujiankeempat.openweather.ByCityNameCountryCode" name="testGet" time="0.210"/>
  <system-out/>
  <testcase classname="ujian.ujiankeempat.openweather.ByCityNameCountryCode" name="testGet" time="0.393"/>
  <system-out/>
  <testcase classname="ujian.ujiankeempat.openweather.ByCityNameCountryCode" name="testGet" time="0.222"/>
  <system-out/>
  <testcase classname="ujian.ujiankeempat.openweather.ByCityNameCountryCode" name="testGet" time="1.404"/>
  <system-out/>
  <testcase classname="ujian.ujiankeempat.openweather.ByCityNameCountryCode" name="testGet" time="0.209"/>
  <system-out/>
  <testcase classname="ujian.ujiankeempat.openweather.ByCityNameCountryCode" name="testGet" time="0.231"/>
  <system-out/>
</testsuite> <!-- ujian.ujiankeempat.openweather.ByCityNameCountryCode -->
