<?xml version="1.0" encoding="UTF-8"?>
<!-- Generated by org.testng.reporters.JUnitReportReporter -->
<testsuite hostname="DESKTOP-BIUCLJH" failures="0" tests="2" name="ujian.ujiankelima.selenium.RegisterTest" time="27.941" errors="0" timestamp="2022-09-23T16:18:38 WIB" skipped="0">
  <testcase classname="ujian.ujiankelima.selenium.RegisterTest" name="testInvalidRegister" time="10.789"/>
  <system-out/>
  <testcase classname="ujian.ujiankelima.selenium.RegisterTest" name="testValidLogin" time="17.152"/>
  <system-out/>
</testsuite> <!-- ujian.ujiankelima.selenium.RegisterTest -->
