<?xml version="1.0" encoding="UTF-8"?>
<!-- Generated by org.testng.reporters.JUnitReportReporter -->
<testsuite hostname="DESKTOP-BIUCLJH" failures="0" tests="1" name="ujian.ujiankelima.selenium.AddCartTest" time="18.571" errors="0" timestamp="2022-09-24T17:47:43 WIB" skipped="0">
  <testcase classname="ujian.ujiankelima.selenium.AddCartTest" name="testAddCart" time="18.571"/>
  <system-out/>
</testsuite> <!-- ujian.ujiankelima.selenium.AddCartTest -->
