<?xml version="1.0" encoding="UTF-8"?>
<!-- Generated by org.testng.reporters.JUnitReportReporter -->
<testsuite hostname="Nexsoft" failures="0" tests="4" name="ujiankedua.TestMatematika" time="0.031" errors="0" timestamp="2022-09-12T14:22:02 WIB" skipped="0">
  <testcase classname="ujiankedua.TestMatematika" name="testPenjumlahan" time="0.005"/>
  <system-out/>
  <testcase classname="ujiankedua.TestMatematika" name="testPengurangan" time="0.008"/>
  <system-out/>
  <testcase classname="ujiankedua.TestMatematika" name="testPembagian" time="0.008"/>
  <system-out/>
  <testcase classname="ujiankedua.TestMatematika" name="testModulus" time="0.010"/>
  <system-out/>
</testsuite> <!-- ujiankedua.TestMatematika -->
