<?xml version="1.0" encoding="UTF-8"?>
<!-- Generated by org.testng.reporters.JUnitReportReporter -->
<testsuite hostname="DESKTOP-BIUCLJH" failures="0" tests="1" name="tugas.selenium.formy.Datepicker" time="13.385" errors="0" timestamp="2022-09-15T20:13:47 WIB" skipped="0">
  <testcase classname="tugas.selenium.formy.Datepicker" name="testDatepicker" time="13.385"/>
  <system-out/>
</testsuite> <!-- tugas.selenium.formy.Datepicker -->
