<?xml version="1.0" encoding="UTF-8"?>
<!-- Generated by org.testng.reporters.JUnitReportReporter -->
<testsuite hostname="DESKTOP-BIUCLJH" failures="0" tests="1" name="tugas.selenium.formy.FileUpload" time="29.322" errors="0" timestamp="2022-09-15T21:11:36 WIB" skipped="0">
  <testcase classname="tugas.selenium.formy.FileUpload" name="testFileUpload" time="29.322"/>
  <system-out/>
</testsuite> <!-- tugas.selenium.formy.FileUpload -->
