<?xml version="1.0" encoding="UTF-8"?>
<!-- Generated by org.testng.reporters.JUnitReportReporter -->
<testsuite hostname="Nexsoft" failures="0" tests="5" name="restassured.PostDataFromExcel" time="4.353" errors="0" timestamp="2022-09-12T14:38:47 WIB" skipped="0">
  <testcase classname="restassured.PostDataFromExcel" name="testPost" time="0.053"/>
  <system-out/>
  <testcase classname="restassured.PostDataFromExcel" name="testPost" time="4.067"/>
  <system-out/>
  <testcase classname="restassured.PostDataFromExcel" name="testPost" time="0.111"/>
  <system-out/>
  <testcase classname="restassured.PostDataFromExcel" name="testPost" time="0.047"/>
  <system-out/>
  <testcase classname="restassured.PostDataFromExcel" name="testPost" time="0.075"/>
  <system-out/>
</testsuite> <!-- restassured.PostDataFromExcel -->
