<?xml version="1.0" encoding="UTF-8"?>
<!-- Generated by org.testng.reporters.JUnitReportReporter -->
<testsuite hostname="DESKTOP-BIUCLJH" failures="0" tests="1" name="tugas.selenium.formy.CompleteWebForm" time="13.645" errors="0" timestamp="2022-09-15T20:07:13 WIB" skipped="0">
  <testcase classname="tugas.selenium.formy.CompleteWebForm" name="testCompleteWebForm" time="13.645"/>
  <system-out/>
</testsuite> <!-- tugas.selenium.formy.CompleteWebForm -->
