<?xml version="1.0" encoding="UTF-8"?>
<!-- Generated by org.testng.reporters.JUnitReportReporter -->
<testsuite hostname="DESKTOP-BIUCLJH" failures="0" tests="1" name="tugas.selenium.formy.KeyMouseInput" time="14.844" errors="0" timestamp="2022-09-15T20:48:35 WIB" skipped="0">
  <testcase classname="tugas.selenium.formy.KeyMouseInput" name="testKeyMouseInput" time="14.844"/>
  <system-out/>
</testsuite> <!-- tugas.selenium.formy.KeyMouseInput -->
