<?xml version="1.0" encoding="UTF-8"?>
<!-- Generated by org.testng.reporters.JUnitReportReporter -->
<testsuite hostname="DESKTOP-BIUCLJH" failures="0" tests="1" name="tugas.selenium.formy.Dropdown" time="8.215" errors="0" timestamp="2022-09-15T20:20:30 WIB" skipped="0">
  <testcase classname="tugas.selenium.formy.Dropdown" name="testDropdown" time="8.215"/>
  <system-out/>
</testsuite> <!-- tugas.selenium.formy.Dropdown -->
