<?xml version="1.0" encoding="UTF-8"?>
<!-- Generated by org.testng.reporters.JUnitReportReporter -->
<testsuite hostname="DESKTOP-BIUCLJH" failures="0" tests="1" name="tugas.selenium.formy.EnableDisable" time="17.336" errors="0" timestamp="2022-09-15T20:23:56 WIB" skipped="0">
  <testcase classname="tugas.selenium.formy.EnableDisable" name="testEnableDisable" time="17.336"/>
  <system-out/>
</testsuite> <!-- tugas.selenium.formy.EnableDisable -->
