<?xml version="1.0" encoding="UTF-8"?>
<!-- Generated by org.testng.reporters.JUnitReportReporter -->
<testsuite hostname="DESKTOP-BIUCLJH" failures="0" tests="1" name="tugas.selenium.formy.Checkboxes" time="7.873" errors="0" timestamp="2022-09-15T20:03:55 WIB" skipped="0">
  <testcase classname="tugas.selenium.formy.Checkboxes" name="testCheckboxes" time="7.873"/>
  <system-out/>
</testsuite> <!-- tugas.selenium.formy.Checkboxes -->
