<?xml version="1.0" encoding="UTF-8"?>
<!-- Generated by org.testng.reporters.JUnitReportReporter -->
<testsuite hostname="Nexsoft" failures="0" tests="3" name="ujiankedua.TestGeometri" time="0.033" errors="0" timestamp="2022-09-12T14:22:02 WIB" skipped="0">
  <testcase classname="ujiankedua.TestGeometri" name="TestLuasPersegi" time="0.020"/>
  <system-out/>
  <testcase classname="ujiankedua.TestGeometri" name="TestLuasSegitiga" time="0.006"/>
  <system-out/>
  <testcase classname="ujiankedua.TestGeometri" name="TestLuasTrapesium" time="0.007"/>
  <system-out/>
</testsuite> <!-- ujiankedua.TestGeometri -->
