<?xml version="1.0" encoding="UTF-8"?>
<!-- Generated by org.testng.reporters.JUnitReportReporter -->
<testsuite hostname="DESKTOP-BIUCLJH" failures="0" tests="1" name="tugas.selenium.formy.PageScroll" time="9.127" errors="0" timestamp="2022-09-15T20:57:16 WIB" skipped="0">
  <testcase classname="tugas.selenium.formy.PageScroll" name="testPageScroll" time="9.127"/>
  <system-out/>
</testsuite> <!-- tugas.selenium.formy.PageScroll -->
