<?xml version="1.0" encoding="UTF-8"?>
<!-- Generated by org.testng.reporters.JUnitReportReporter -->
<testsuite hostname="DESKTOP-BIUCLJH" failures="0" tests="1" name="tugas.selenium.formy.Autocomplete" time="6.043" errors="0" timestamp="2022-09-15T19:18:01 WIB" skipped="0">
  <testcase classname="tugas.selenium.formy.Autocomplete" name="testAutocomplete" time="6.043"/>
  <system-out/>
</testsuite> <!-- tugas.selenium.formy.Autocomplete -->
