<?xml version="1.0" encoding="UTF-8"?>
<!-- Generated by org.testng.reporters.JUnitReportReporter -->
<testsuite hostname="DESKTOP-BIUCLJH" failures="0" tests="10" name="ujian.ujiankeempat.openweather.ByLatLonLang" time="3.742" errors="0" timestamp="2022-09-18T06:28:05 WIB" skipped="0">
  <testcase classname="ujian.ujiankeempat.openweather.ByLatLonLang" name="testGet" time="0.252"/>
  <system-out/>
  <testcase classname="ujian.ujiankeempat.openweather.ByLatLonLang" name="testGet" time="0.309"/>
  <system-out/>
  <testcase classname="ujian.ujiankeempat.openweather.ByLatLonLang" name="testGet" time="1.441"/>
  <system-out/>
  <testcase classname="ujian.ujiankeempat.openweather.ByLatLonLang" name="testGet" time="0.277"/>
  <system-out/>
  <testcase classname="ujian.ujiankeempat.openweather.ByLatLonLang" name="testGet" time="0.233"/>
  <system-out/>
  <testcase classname="ujian.ujiankeempat.openweather.ByLatLonLang" name="testGet" time="0.267"/>
  <system-out/>
  <testcase classname="ujian.ujiankeempat.openweather.ByLatLonLang" name="testGet" time="0.233"/>
  <system-out/>
  <testcase classname="ujian.ujiankeempat.openweather.ByLatLonLang" name="testGet" time="0.232"/>
  <system-out/>
  <testcase classname="ujian.ujiankeempat.openweather.ByLatLonLang" name="testGet" time="0.237"/>
  <system-out/>
  <testcase classname="ujian.ujiankeempat.openweather.ByLatLonLang" name="testGet" time="0.261"/>
  <system-out/>
</testsuite> <!-- ujian.ujiankeempat.openweather.ByLatLonLang -->
