<?xml version="1.0" encoding="UTF-8"?>
<!-- Generated by org.testng.reporters.JUnitReportReporter -->
<testsuite hostname="DESKTOP-BIUCLJH" failures="0" tests="1" name="ujian.ujiankelima.selenium.SearchTest" time="13.432" errors="0" timestamp="2022-09-24T17:47:00 WIB" skipped="0">
  <testcase classname="ujian.ujiankelima.selenium.SearchTest" name="testSearchProduct" time="13.432"/>
  <system-out/>
</testsuite> <!-- ujian.ujiankelima.selenium.SearchTest -->
