<?xml version="1.0" encoding="UTF-8"?>
<!-- Generated by org.testng.reporters.JUnitReportReporter -->
<testsuite hostname="DESKTOP-BIUCLJH" failures="0" tests="1" name="tugas.selenium.formy.RadioButtons" time="10.630" errors="0" timestamp="2022-09-15T21:01:02 WIB" skipped="0">
  <testcase classname="tugas.selenium.formy.RadioButtons" name="testRadioButtons" time="10.630"/>
  <system-out/>
</testsuite> <!-- tugas.selenium.formy.RadioButtons -->
