<?xml version="1.0" encoding="UTF-8"?>
<!-- Generated by org.testng.reporters.JUnitReportReporter -->
<testsuite hostname="DESKTOP-BIUCLJH" failures="0" tests="5" name="ujian.ujiankeempat.nopcommerce.TestLoginPage" time="45.737" errors="0" timestamp="2022-09-18T03:01:36 WIB" skipped="0">
  <testcase classname="ujian.ujiankeempat.nopcommerce.TestLoginPage" name="testInvalidNoEmail" time="5.659"/>
  <system-out/>
  <testcase classname="ujian.ujiankeempat.nopcommerce.TestLoginPage" name="testValidLogin" time="7.586"/>
  <system-out/>
  <testcase classname="ujian.ujiankeempat.nopcommerce.TestLoginPage" name="testInvalidLoginEmail" time="6.940"/>
  <system-out/>
  <testcase classname="ujian.ujiankeempat.nopcommerce.TestLoginPage" name="testProduct" time="13.172"/>
  <system-out/>
  <testcase classname="ujian.ujiankeempat.nopcommerce.TestLoginPage" name="testLogout" time="12.380"/>
  <system-out/>
</testsuite> <!-- ujian.ujiankeempat.nopcommerce.TestLoginPage -->
