<?xml version="1.0" encoding="UTF-8"?>
<!-- Generated by org.testng.reporters.JUnitReportReporter -->
<testsuite hostname="DESKTOP-BIUCLJH" failures="0" tests="1" name="tugas.selenium.demoqa.Form" time="18.847" errors="0" timestamp="2022-09-16T23:46:53 WIB" skipped="0">
  <testcase classname="tugas.selenium.demoqa.Form" name="testValidForm" time="18.847"/>
  <system-out/>
</testsuite> <!-- tugas.selenium.demoqa.Form -->
