<?xml version="1.0" encoding="UTF-8"?>
<!-- Generated by org.testng.reporters.JUnitReportReporter -->
<testsuite hostname="DESKTOP-BIUCLJH" failures="0" tests="1" name="tugas.selenium.formy.SwitchWindow" time="8.684" errors="0" timestamp="2022-09-15T21:29:11 WIB" skipped="0">
  <testcase classname="tugas.selenium.formy.SwitchWindow" name="testSwitchWindow" time="8.684"/>
  <system-out/>
</testsuite> <!-- tugas.selenium.formy.SwitchWindow -->
