<?xml version="1.0" encoding="UTF-8"?>
<!-- Generated by org.testng.reporters.JUnitReportReporter -->
<testsuite hostname="DESKTOP-BIUCLJH" failures="0" tests="2" name="Latihan.cucumber.framework.runner.hrm.scenefirst.LoginRunner" time="25.566" errors="0" timestamp="2022-09-22T11:41:17 WIB" skipped="0">
  <testcase classname="Latihan.cucumber.framework.runner.hrm.scenefirst.LoginRunner" name="runScenario" time="4.291"/>
  <system-out/>
  <testcase classname="Latihan.cucumber.framework.runner.hrm.scenefirst.LoginRunner" name="runScenario" time="21.275"/>
  <system-out/>
</testsuite> <!-- Latihan.cucumber.framework.runner.hrm.scenefirst.LoginRunner -->
