<?xml version="1.0" encoding="UTF-8"?>
<!-- Generated by org.testng.reporters.JUnitReportReporter -->
<testsuite hostname="DESKTOP-BIUCLJH" failures="0" tests="1" name="tugas.selenium.formy.DragDrop" time="6.294" errors="0" timestamp="2022-09-15T20:42:07 WIB" skipped="0">
  <testcase classname="tugas.selenium.formy.DragDrop" name="testDragDrop" time="6.294"/>
  <system-out/>
</testsuite> <!-- tugas.selenium.formy.DragDrop -->
