<?xml version="1.0" encoding="UTF-8"?>
<!-- Generated by org.testng.reporters.JUnitReportReporter -->
<testsuite hostname="DESKTOP-BIUCLJH" failures="0" tests="1" name="tugas.selenium.formy.Modal" time="17.846" errors="0" timestamp="2022-09-15T20:53:57 WIB" skipped="0">
  <testcase classname="tugas.selenium.formy.Modal" name="testModal" time="17.846"/>
  <system-out/>
</testsuite> <!-- tugas.selenium.formy.Modal -->
